info: Connected to the database. {"timestamp":"2022-08-03T03:44:54.213Z"}
info: Server started at http://localhost:3000/api/v1/ {"timestamp":"2022-08-03T03:46:03.865Z"}
info: Connected to the database. {"timestamp":"2022-08-03T03:46:03.956Z"}
info: Server started at http://localhost:3000/api/v1/ {"timestamp":"2022-08-03T03:47:22.858Z"}
info: Connected to the database. {"timestamp":"2022-08-03T03:47:23.004Z"}
error: 
    status - 500 
    message - CastError: Cast to ObjectId failed for value "{
  _id: undefined,
  UserID: { email: 'zara23@gmail.com', password: '12345' }
}" (type Object) at path "_id" for model "cart"
    at model.Query.exec (C:\Users\cparadise\BookStore\bookStore\node_modules\mongoose\lib\query.js:4498:21)
    at model.Query.Query.then (C:\Users\cparadise\BookStore\bookStore\node_modules\mongoose\lib\query.js:4592:15)
    at processTicksAndRejections (node:internal/process/task_queues:96:5) 
    url - /api/v1/cart/addToCart 
    method - PUT 
    IP - ::1
   {"timestamp":"2022-08-03T03:48:33.068Z"}
info: Server started at http://localhost:3000/api/v1/ {"timestamp":"2022-08-03T03:53:24.331Z"}
info: Connected to the database. {"timestamp":"2022-08-03T03:53:24.412Z"}
info: Server started at http://localhost:3000/api/v1/ {"timestamp":"2022-08-03T03:53:41.607Z"}
info: Connected to the database. {"timestamp":"2022-08-03T03:53:41.666Z"}
error: 
    status - 500 
    message - ReferenceError: cart_Total is not defined
    at _callee$ (C:\Users\cparadise\BookStore\bookStore\src\services\/cart.service.js:23:1)
    at tryCatch (C:\Users\cparadise\BookStore\bookStore\node_modules\@babel\runtime\helpers\regeneratorRuntime.js:86:17)
    at Generator._invoke (C:\Users\cparadise\BookStore\bookStore\node_modules\@babel\runtime\helpers\regeneratorRuntime.js:66:24)
    at Generator.next (C:\Users\cparadise\BookStore\bookStore\node_modules\@babel\runtime\helpers\regeneratorRuntime.js:117:21)
    at asyncGeneratorStep (C:\Users\cparadise\BookStore\bookStore\node_modules\@babel\runtime\helpers\asyncToGenerator.js:3:24)
    at _next (C:\Users\cparadise\BookStore\bookStore\node_modules\@babel\runtime\helpers\asyncToGenerator.js:25:9)
    at processTicksAndRejections (node:internal/process/task_queues:96:5) 
    url - /api/v1/cart/6214803b05253301a4fda584/addToCart 
    method - PUT 
    IP - ::1
   {"timestamp":"2022-08-03T03:53:53.586Z"}
info: Server started at http://localhost:3000/api/v1/ {"timestamp":"2022-08-03T04:14:47.283Z"}
info: Connected to the database. {"timestamp":"2022-08-03T04:14:47.409Z"}
info: Server started at http://localhost:3000/api/v1/ {"timestamp":"2022-08-03T04:15:49.188Z"}
info: Connected to the database. {"timestamp":"2022-08-03T04:15:49.286Z"}
info: Server started at http://localhost:3000/api/v1/ {"timestamp":"2022-08-03T04:16:27.110Z"}
