info: Server started at http://localhost:3000/api/v1/ {"timestamp":"2022-08-12T01:57:43.914Z"}
info: Connected to the database. {"timestamp":"2022-08-12T01:57:43.947Z"}
info: Server started at http://localhost:3000/api/v1/ {"timestamp":"2022-08-12T02:00:00.068Z"}
info: Connected to the database. {"timestamp":"2022-08-12T02:00:00.165Z"}
info: Server started at http://localhost:3000/api/v1/ {"timestamp":"2022-08-12T02:01:45.352Z"}
info: Connected to the database. {"timestamp":"2022-08-12T02:01:45.425Z"}
info: Server started at http://localhost:3000/api/v1/ {"timestamp":"2022-08-12T02:07:12.761Z"}
info: Connected to the database. {"timestamp":"2022-08-12T02:07:12.842Z"}
info: Server started at http://localhost:3000/api/v1/ {"timestamp":"2022-08-12T02:08:32.111Z"}
info: Connected to the database. {"timestamp":"2022-08-12T02:08:32.184Z"}
info: Server started at http://localhost:3000/api/v1/ {"timestamp":"2022-08-12T02:09:39.492Z"}
info: Connected to the database. {"timestamp":"2022-08-12T02:09:39.610Z"}
info: Server started at http://localhost:3000/api/v1/ {"timestamp":"2022-08-12T02:09:54.375Z"}
info: Connected to the database. {"timestamp":"2022-08-12T02:09:54.466Z"}
info: Server started at http://localhost:3000/api/v1/ {"timestamp":"2022-08-12T02:10:10.807Z"}
info: Connected to the database. {"timestamp":"2022-08-12T02:10:10.887Z"}
info: Server started at http://localhost:3000/api/v1/ {"timestamp":"2022-08-12T02:10:34.061Z"}
info: Connected to the database. {"timestamp":"2022-08-12T02:10:34.175Z"}
info: Server started at http://localhost:3000/api/v1/ {"timestamp":"2022-08-12T02:15:32.159Z"}
info: Connected to the database. {"timestamp":"2022-08-12T02:15:32.246Z"}
info: Server started at http://localhost:3000/api/v1/ {"timestamp":"2022-08-12T02:26:25.414Z"}
info: Connected to the database. {"timestamp":"2022-08-12T02:26:25.457Z"}
error: 
    status - 500 
    message - ValidationError: "Name" is required 
    url - /api/v1/customer 
    method - POST 
    IP - ::1
   {"timestamp":"2022-08-12T02:31:50.087Z"}
error: 
    status - 500 
    message - ValidationError: "PhoneNumber" must be a string 
    url - /api/v1/customer 
    method - POST 
    IP - ::1
   {"timestamp":"2022-08-12T02:32:13.319Z"}
error: 
    status - 500 
    message - ValidationError: "Pincode" must be a string 
    url - /api/v1/customer 
    method - POST 
    IP - ::1
   {"timestamp":"2022-08-12T02:32:23.886Z"}
