info: Server started at http://localhost:3000/api/v1/ {"timestamp":"2022-08-01T01:33:49.281Z"}
info: Connected to the database. {"timestamp":"2022-08-01T01:33:49.422Z"}
info: Server started at http://localhost:3000/api/v1/ {"timestamp":"2022-08-01T01:37:04.110Z"}
info: Connected to the database. {"timestamp":"2022-08-01T01:37:04.186Z"}
info: Server started at http://localhost:3000/api/v1/ {"timestamp":"2022-08-01T01:37:10.784Z"}
info: Connected to the database. {"timestamp":"2022-08-01T01:37:10.867Z"}
info: Server started at http://localhost:3000/api/v1/ {"timestamp":"2022-08-01T01:37:30.197Z"}
info: Connected to the database. {"timestamp":"2022-08-01T01:37:30.294Z"}
error: 
    status - 500 
    message - ReferenceError: producer is not defined
    at _callee$ (C:\Users\cparadise\BookStore\bookStore\src\services\/user.service.js:14:4)
    at tryCatch (C:\Users\cparadise\BookStore\bookStore\node_modules\@babel\runtime\helpers\regeneratorRuntime.js:86:17)
    at Generator._invoke (C:\Users\cparadise\BookStore\bookStore\node_modules\@babel\runtime\helpers\regeneratorRuntime.js:66:24)
    at Generator.next (C:\Users\cparadise\BookStore\bookStore\node_modules\@babel\runtime\helpers\regeneratorRuntime.js:117:21)
    at asyncGeneratorStep (C:\Users\cparadise\BookStore\bookStore\node_modules\@babel\runtime\helpers\asyncToGenerator.js:3:24)
    at _next (C:\Users\cparadise\BookStore\bookStore\node_modules\@babel\runtime\helpers\asyncToGenerator.js:25:9)
    at processTicksAndRejections (node:internal/process/task_queues:96:5) 
    url - /api/v1/users/newUser 
    method - POST 
    IP - ::1
   {"timestamp":"2022-08-01T01:40:01.848Z"}
error: 
    status - 500 
    message - ReferenceError: producer is not defined
    at _callee$ (C:\Users\cparadise\BookStore\bookStore\src\services\/user.service.js:14:4)
    at tryCatch (C:\Users\cparadise\BookStore\bookStore\node_modules\@babel\runtime\helpers\regeneratorRuntime.js:86:17)
    at Generator._invoke (C:\Users\cparadise\BookStore\bookStore\node_modules\@babel\runtime\helpers\regeneratorRuntime.js:66:24)
    at Generator.next (C:\Users\cparadise\BookStore\bookStore\node_modules\@babel\runtime\helpers\regeneratorRuntime.js:117:21)
    at asyncGeneratorStep (C:\Users\cparadise\BookStore\bookStore\node_modules\@babel\runtime\helpers\asyncToGenerator.js:3:24)
    at _next (C:\Users\cparadise\BookStore\bookStore\node_modules\@babel\runtime\helpers\asyncToGenerator.js:25:9)
    at processTicksAndRejections (node:internal/process/task_queues:96:5) 
    url - /api/v1/users/newUser 
    method - POST 
    IP - ::1
   {"timestamp":"2022-08-01T01:41:16.303Z"}
info: Server started at http://localhost:3000/api/v1/ {"timestamp":"2022-08-01T01:49:52.338Z"}
info: Connected to the database. {"timestamp":"2022-08-01T01:49:52.411Z"}
error: 
    status - 500 
    message - ReferenceError: producer is not defined
    at _callee$ (C:\Users\cparadise\BookStore\bookStore\src\services\/user.service.js:14:4)
    at tryCatch (C:\Users\cparadise\BookStore\bookStore\node_modules\@babel\runtime\helpers\regeneratorRuntime.js:86:17)
    at Generator._invoke (C:\Users\cparadise\BookStore\bookStore\node_modules\@babel\runtime\helpers\regeneratorRuntime.js:66:24)
    at Generator.next (C:\Users\cparadise\BookStore\bookStore\node_modules\@babel\runtime\helpers\regeneratorRuntime.js:117:21)
    at asyncGeneratorStep (C:\Users\cparadise\BookStore\bookStore\node_modules\@babel\runtime\helpers\asyncToGenerator.js:3:24)
    at _next (C:\Users\cparadise\BookStore\bookStore\node_modules\@babel\runtime\helpers\asyncToGenerator.js:25:9)
    at processTicksAndRejections (node:internal/process/task_queues:96:5) 
    url - /api/v1/users/newUser 
    method - POST 
    IP - ::1
   {"timestamp":"2022-08-01T01:50:18.424Z"}
info: Server started at http://localhost:3000/api/v1/ {"timestamp":"2022-08-01T01:55:17.716Z"}
info: Connected to the database. {"timestamp":"2022-08-01T01:55:17.802Z"}
info: Server started at http://localhost:3000/api/v1/ {"timestamp":"2022-08-01T01:58:25.945Z"}
info: Connected to the database. {"timestamp":"2022-08-01T01:58:26.022Z"}
info: Server started at http://localhost:3000/api/v1/ {"timestamp":"2022-08-01T01:59:41.002Z"}
info: Connected to the database. {"timestamp":"2022-08-01T01:59:41.070Z"}
info: Server started at http://localhost:3000/api/v1/ {"timestamp":"2022-08-01T02:01:10.814Z"}
info: Connected to the database. {"timestamp":"2022-08-01T02:01:10.941Z"}
info: Server started at http://localhost:3000/api/v1/ {"timestamp":"2022-08-01T02:01:19.181Z"}
info: Connected to the database. {"timestamp":"2022-08-01T02:01:19.265Z"}
info: Server started at http://localhost:3000/api/v1/ {"timestamp":"2022-08-01T02:02:36.867Z"}
info: Connected to the database. {"timestamp":"2022-08-01T02:02:36.974Z"}
info: Server started at http://localhost:3000/api/v1/ {"timestamp":"2022-08-01T02:03:29.038Z"}
info: Connected to the database. {"timestamp":"2022-08-01T02:03:29.134Z"}
info: Server started at http://localhost:3000/api/v1/ {"timestamp":"2022-08-01T02:13:32.818Z"}
info: Connected to the database. {"timestamp":"2022-08-01T02:13:32.907Z"}
info: Server started at http://localhost:3000/api/v1/ {"timestamp":"2022-08-01T02:21:32.480Z"}
info: Connected to the database. {"timestamp":"2022-08-01T02:21:32.568Z"}
info: Server started at http://localhost:3000/api/v1/ {"timestamp":"2022-08-01T02:22:00.897Z"}
info: Connected to the database. {"timestamp":"2022-08-01T02:22:01.007Z"}
info: Server started at http://localhost:3000/api/v1/ {"timestamp":"2022-08-01T02:26:48.736Z"}
info: Connected to the database. {"timestamp":"2022-08-01T02:26:48.821Z"}
info: Server started at http://localhost:3000/api/v1/ {"timestamp":"2022-08-01T02:27:15.381Z"}
info: Connected to the database. {"timestamp":"2022-08-01T02:27:15.470Z"}
info: Server started at http://localhost:3000/api/v1/ {"timestamp":"2022-08-01T02:29:01.149Z"}
info: Connected to the database. {"timestamp":"2022-08-01T02:29:01.268Z"}
info: Server started at http://localhost:3000/api/v1/ {"timestamp":"2022-08-01T02:30:53.026Z"}
info: Connected to the database. {"timestamp":"2022-08-01T02:30:53.133Z"}
info: Server started at http://localhost:3000/api/v1/ {"timestamp":"2022-08-01T02:32:57.816Z"}
info: Connected to the database. {"timestamp":"2022-08-01T02:32:57.920Z"}
info: Connected to the database. {"timestamp":"2022-08-01T02:54:07.676Z"}
info: Server started at http://localhost:3000/api/v1/ {"timestamp":"2022-08-01T03:00:52.947Z"}
info: Connected to the database. {"timestamp":"2022-08-01T03:00:53.002Z"}
