error: uncaughtException: Router.use() requires a middleware function but got a Object
TypeError: Router.use() requires a middleware function but got a Object
    at Function.use (C:\Users\cparadise\BookStore\bookStore\node_modules\express\lib\router\index.js:469:13)
    at routes (C:\Users\cparadise\BookStore\bookStore\src\routes\/index.js:14:10)
    at Object.<anonymous> (C:\Users\cparadise\BookStore\bookStore\src\/index.js:32:32)
    at Module._compile (node:internal/modules/cjs/loader:1105:14)
    at Module._compile (C:\Users\cparadise\BookStore\bookStore\node_modules\pirates\lib\index.js:136:24)
    at Module._extensions..js (node:internal/modules/cjs/loader:1159:10)
    at Object.newLoader [as .js] (C:\Users\cparadise\BookStore\bookStore\node_modules\pirates\lib\index.js:141:7)
    at Module.load (node:internal/modules/cjs/loader:981:32)
    at Function.Module._load (node:internal/modules/cjs/loader:822:12)
    at Function.executeUserEntryPoint [as runMain] (node:internal/modules/run_main:77:12)
    at Object.<anonymous> (C:\Users\cparadise\BookStore\bookStore\node_modules\@babel\node\lib\_babel-node.js:176:21)
    at Module._compile (node:internal/modules/cjs/loader:1105:14)
    at Object.Module._extensions..js (node:internal/modules/cjs/loader:1159:10)
    at Module.load (node:internal/modules/cjs/loader:981:32)
    at Function.Module._load (node:internal/modules/cjs/loader:822:12)
    at Function.executeUserEntryPoint [as runMain] (node:internal/modules/run_main:77:12) {"date":"Fri Jul 29 2022 08:51:45 GMT+0530 (India Standard Time)","error":{},"exception":true,"os":{"loadavg":[0,0,0],"uptime":88052},"process":{"argv":["node","C:\\Users\\cparadise\\BookStore\\bookStore\\src\\index.js"],"cwd":"C:\\Users\\cparadise\\BookStore\\bookStore","execPath":"C:\\Program Files\\nodejs\\node.exe","gid":null,"memoryUsage":{"arrayBuffers":18383499,"external":20691473,"heapTotal":82071552,"heapUsed":51104552,"rss":114937856},"pid":5372,"uid":null,"version":"v16.15.1"},"stack":"TypeError: Router.use() requires a middleware function but got a Object\n    at Function.use (C:\\Users\\cparadise\\BookStore\\bookStore\\node_modules\\express\\lib\\router\\index.js:469:13)\n    at routes (C:\\Users\\cparadise\\BookStore\\bookStore\\src\\routes\\/index.js:14:10)\n    at Object.<anonymous> (C:\\Users\\cparadise\\BookStore\\bookStore\\src\\/index.js:32:32)\n    at Module._compile (node:internal/modules/cjs/loader:1105:14)\n    at Module._compile (C:\\Users\\cparadise\\BookStore\\bookStore\\node_modules\\pirates\\lib\\index.js:136:24)\n    at Module._extensions..js (node:internal/modules/cjs/loader:1159:10)\n    at Object.newLoader [as .js] (C:\\Users\\cparadise\\BookStore\\bookStore\\node_modules\\pirates\\lib\\index.js:141:7)\n    at Module.load (node:internal/modules/cjs/loader:981:32)\n    at Function.Module._load (node:internal/modules/cjs/loader:822:12)\n    at Function.executeUserEntryPoint [as runMain] (node:internal/modules/run_main:77:12)\n    at Object.<anonymous> (C:\\Users\\cparadise\\BookStore\\bookStore\\node_modules\\@babel\\node\\lib\\_babel-node.js:176:21)\n    at Module._compile (node:internal/modules/cjs/loader:1105:14)\n    at Object.Module._extensions..js (node:internal/modules/cjs/loader:1159:10)\n    at Module.load (node:internal/modules/cjs/loader:981:32)\n    at Function.Module._load (node:internal/modules/cjs/loader:822:12)\n    at Function.executeUserEntryPoint [as runMain] (node:internal/modules/run_main:77:12)","trace":[{"column":13,"file":"C:\\Users\\cparadise\\BookStore\\bookStore\\node_modules\\express\\lib\\router\\index.js","function":"Function.use","line":469,"method":"use","native":false},{"column":10,"file":"C:\\Users\\cparadise\\BookStore\\bookStore\\src\\routes\\/index.js","function":"routes","line":14,"method":null,"native":false},{"column":32,"file":"C:\\Users\\cparadise\\BookStore\\bookStore\\src\\/index.js","function":null,"line":32,"method":null,"native":false},{"column":14,"file":"node:internal/modules/cjs/loader","function":"Module._compile","line":1105,"method":"_compile","native":false},{"column":24,"file":"C:\\Users\\cparadise\\BookStore\\bookStore\\node_modules\\pirates\\lib\\index.js","function":"Module._compile","line":136,"method":"_compile","native":false},{"column":10,"file":"node:internal/modules/cjs/loader","function":"Module._extensions..js","line":1159,"method":".js","native":false},{"column":7,"file":"C:\\Users\\cparadise\\BookStore\\bookStore\\node_modules\\pirates\\lib\\index.js","function":"Object.newLoader [as .js]","line":141,"method":"js]","native":false},{"column":32,"file":"node:internal/modules/cjs/loader","function":"Module.load","line":981,"method":"load","native":false},{"column":12,"file":"node:internal/modules/cjs/loader","function":"Module._load","line":822,"method":"_load","native":false},{"column":12,"file":"node:internal/modules/run_main","function":"Function.executeUserEntryPoint [as runMain]","line":77,"method":"executeUserEntryPoint [as runMain]","native":false},{"column":21,"file":"C:\\Users\\cparadise\\BookStore\\bookStore\\node_modules\\@babel\\node\\lib\\_babel-node.js","function":null,"line":176,"method":null,"native":false},{"column":14,"file":"node:internal/modules/cjs/loader","function":"Module._compile","line":1105,"method":"_compile","native":false},{"column":10,"file":"node:internal/modules/cjs/loader","function":"Module._extensions..js","line":1159,"method":".js","native":false},{"column":32,"file":"node:internal/modules/cjs/loader","function":"Module.load","line":981,"method":"load","native":false},{"column":12,"file":"node:internal/modules/cjs/loader","function":"Module._load","line":822,"method":"_load","native":false},{"column":12,"file":"node:internal/modules/run_main","function":"Function.executeUserEntryPoint [as runMain]","line":77,"method":"executeUserEntryPoint [as runMain]","native":false}]}
error: uncaughtException: Router.use() requires a middleware function but got a Object
TypeError: Router.use() requires a middleware function but got a Object
    at Function.use (C:\Users\cparadise\BookStore\bookStore\node_modules\express\lib\router\index.js:469:13)
    at routes (C:\Users\cparadise\BookStore\bookStore\src\routes\/index.js:14:10)
    at Object.<anonymous> (C:\Users\cparadise\BookStore\bookStore\src\/index.js:32:32)
    at Module._compile (node:internal/modules/cjs/loader:1105:14)
    at Module._compile (C:\Users\cparadise\BookStore\bookStore\node_modules\pirates\lib\index.js:136:24)
    at Module._extensions..js (node:internal/modules/cjs/loader:1159:10)
    at Object.newLoader [as .js] (C:\Users\cparadise\BookStore\bookStore\node_modules\pirates\lib\index.js:141:7)
    at Module.load (node:internal/modules/cjs/loader:981:32)
    at Function.Module._load (node:internal/modules/cjs/loader:822:12)
    at Function.executeUserEntryPoint [as runMain] (node:internal/modules/run_main:77:12)
    at Object.<anonymous> (C:\Users\cparadise\BookStore\bookStore\node_modules\@babel\node\lib\_babel-node.js:176:21)
    at Module._compile (node:internal/modules/cjs/loader:1105:14)
    at Object.Module._extensions..js (node:internal/modules/cjs/loader:1159:10)
    at Module.load (node:internal/modules/cjs/loader:981:32)
    at Function.Module._load (node:internal/modules/cjs/loader:822:12)
    at Function.executeUserEntryPoint [as runMain] (node:internal/modules/run_main:77:12) {"date":"Fri Jul 29 2022 08:53:45 GMT+0530 (India Standard Time)","error":{},"exception":true,"os":{"loadavg":[0,0,0],"uptime":88171},"process":{"argv":["node","C:\\Users\\cparadise\\BookStore\\bookStore\\src\\index.js"],"cwd":"C:\\Users\\cparadise\\BookStore\\bookStore","execPath":"C:\\Program Files\\nodejs\\node.exe","gid":null,"memoryUsage":{"arrayBuffers":18881406,"external":25364796,"heapTotal":78925824,"heapUsed":49663536,"rss":113029120},"pid":3256,"uid":null,"version":"v16.15.1"},"stack":"TypeError: Router.use() requires a middleware function but got a Object\n    at Function.use (C:\\Users\\cparadise\\BookStore\\bookStore\\node_modules\\express\\lib\\router\\index.js:469:13)\n    at routes (C:\\Users\\cparadise\\BookStore\\bookStore\\src\\routes\\/index.js:14:10)\n    at Object.<anonymous> (C:\\Users\\cparadise\\BookStore\\bookStore\\src\\/index.js:32:32)\n    at Module._compile (node:internal/modules/cjs/loader:1105:14)\n    at Module._compile (C:\\Users\\cparadise\\BookStore\\bookStore\\node_modules\\pirates\\lib\\index.js:136:24)\n    at Module._extensions..js (node:internal/modules/cjs/loader:1159:10)\n    at Object.newLoader [as .js] (C:\\Users\\cparadise\\BookStore\\bookStore\\node_modules\\pirates\\lib\\index.js:141:7)\n    at Module.load (node:internal/modules/cjs/loader:981:32)\n    at Function.Module._load (node:internal/modules/cjs/loader:822:12)\n    at Function.executeUserEntryPoint [as runMain] (node:internal/modules/run_main:77:12)\n    at Object.<anonymous> (C:\\Users\\cparadise\\BookStore\\bookStore\\node_modules\\@babel\\node\\lib\\_babel-node.js:176:21)\n    at Module._compile (node:internal/modules/cjs/loader:1105:14)\n    at Object.Module._extensions..js (node:internal/modules/cjs/loader:1159:10)\n    at Module.load (node:internal/modules/cjs/loader:981:32)\n    at Function.Module._load (node:internal/modules/cjs/loader:822:12)\n    at Function.executeUserEntryPoint [as runMain] (node:internal/modules/run_main:77:12)","trace":[{"column":13,"file":"C:\\Users\\cparadise\\BookStore\\bookStore\\node_modules\\express\\lib\\router\\index.js","function":"Function.use","line":469,"method":"use","native":false},{"column":10,"file":"C:\\Users\\cparadise\\BookStore\\bookStore\\src\\routes\\/index.js","function":"routes","line":14,"method":null,"native":false},{"column":32,"file":"C:\\Users\\cparadise\\BookStore\\bookStore\\src\\/index.js","function":null,"line":32,"method":null,"native":false},{"column":14,"file":"node:internal/modules/cjs/loader","function":"Module._compile","line":1105,"method":"_compile","native":false},{"column":24,"file":"C:\\Users\\cparadise\\BookStore\\bookStore\\node_modules\\pirates\\lib\\index.js","function":"Module._compile","line":136,"method":"_compile","native":false},{"column":10,"file":"node:internal/modules/cjs/loader","function":"Module._extensions..js","line":1159,"method":".js","native":false},{"column":7,"file":"C:\\Users\\cparadise\\BookStore\\bookStore\\node_modules\\pirates\\lib\\index.js","function":"Object.newLoader [as .js]","line":141,"method":"js]","native":false},{"column":32,"file":"node:internal/modules/cjs/loader","function":"Module.load","line":981,"method":"load","native":false},{"column":12,"file":"node:internal/modules/cjs/loader","function":"Module._load","line":822,"method":"_load","native":false},{"column":12,"file":"node:internal/modules/run_main","function":"Function.executeUserEntryPoint [as runMain]","line":77,"method":"executeUserEntryPoint [as runMain]","native":false},{"column":21,"file":"C:\\Users\\cparadise\\BookStore\\bookStore\\node_modules\\@babel\\node\\lib\\_babel-node.js","function":null,"line":176,"method":null,"native":false},{"column":14,"file":"node:internal/modules/cjs/loader","function":"Module._compile","line":1105,"method":"_compile","native":false},{"column":10,"file":"node:internal/modules/cjs/loader","function":"Module._extensions..js","line":1159,"method":".js","native":false},{"column":32,"file":"node:internal/modules/cjs/loader","function":"Module.load","line":981,"method":"load","native":false},{"column":12,"file":"node:internal/modules/cjs/loader","function":"Module._load","line":822,"method":"_load","native":false},{"column":12,"file":"node:internal/modules/run_main","function":"Function.executeUserEntryPoint [as runMain]","line":77,"method":"executeUserEntryPoint [as runMain]","native":false}]}
error: uncaughtException: Router.use() requires a middleware function but got a Object
TypeError: Router.use() requires a middleware function but got a Object
    at Function.use (C:\Users\cparadise\BookStore\bookStore\node_modules\express\lib\router\index.js:469:13)
    at routes (C:\Users\cparadise\BookStore\bookStore\src\routes\/index.js:14:10)
    at Object.<anonymous> (C:\Users\cparadise\BookStore\bookStore\src\/index.js:32:32)
    at Module._compile (node:internal/modules/cjs/loader:1105:14)
    at Module._compile (C:\Users\cparadise\BookStore\bookStore\node_modules\pirates\lib\index.js:136:24)
    at Module._extensions..js (node:internal/modules/cjs/loader:1159:10)
    at Object.newLoader [as .js] (C:\Users\cparadise\BookStore\bookStore\node_modules\pirates\lib\index.js:141:7)
    at Module.load (node:internal/modules/cjs/loader:981:32)
    at Function.Module._load (node:internal/modules/cjs/loader:822:12)
    at Function.executeUserEntryPoint [as runMain] (node:internal/modules/run_main:77:12)
    at Object.<anonymous> (C:\Users\cparadise\BookStore\bookStore\node_modules\@babel\node\lib\_babel-node.js:176:21)
    at Module._compile (node:internal/modules/cjs/loader:1105:14)
    at Object.Module._extensions..js (node:internal/modules/cjs/loader:1159:10)
    at Module.load (node:internal/modules/cjs/loader:981:32)
    at Function.Module._load (node:internal/modules/cjs/loader:822:12)
    at Function.executeUserEntryPoint [as runMain] (node:internal/modules/run_main:77:12) {"date":"Fri Jul 29 2022 08:54:21 GMT+0530 (India Standard Time)","error":{},"exception":true,"os":{"loadavg":[0,0,0],"uptime":88208},"process":{"argv":["node","C:\\Users\\cparadise\\BookStore\\bookStore\\src\\index.js"],"cwd":"C:\\Users\\cparadise\\BookStore\\bookStore","execPath":"C:\\Program Files\\nodejs\\node.exe","gid":null,"memoryUsage":{"arrayBuffers":18525299,"external":25199282,"heapTotal":78139392,"heapUsed":45842832,"rss":111419392},"pid":2492,"uid":null,"version":"v16.15.1"},"stack":"TypeError: Router.use() requires a middleware function but got a Object\n    at Function.use (C:\\Users\\cparadise\\BookStore\\bookStore\\node_modules\\express\\lib\\router\\index.js:469:13)\n    at routes (C:\\Users\\cparadise\\BookStore\\bookStore\\src\\routes\\/index.js:14:10)\n    at Object.<anonymous> (C:\\Users\\cparadise\\BookStore\\bookStore\\src\\/index.js:32:32)\n    at Module._compile (node:internal/modules/cjs/loader:1105:14)\n    at Module._compile (C:\\Users\\cparadise\\BookStore\\bookStore\\node_modules\\pirates\\lib\\index.js:136:24)\n    at Module._extensions..js (node:internal/modules/cjs/loader:1159:10)\n    at Object.newLoader [as .js] (C:\\Users\\cparadise\\BookStore\\bookStore\\node_modules\\pirates\\lib\\index.js:141:7)\n    at Module.load (node:internal/modules/cjs/loader:981:32)\n    at Function.Module._load (node:internal/modules/cjs/loader:822:12)\n    at Function.executeUserEntryPoint [as runMain] (node:internal/modules/run_main:77:12)\n    at Object.<anonymous> (C:\\Users\\cparadise\\BookStore\\bookStore\\node_modules\\@babel\\node\\lib\\_babel-node.js:176:21)\n    at Module._compile (node:internal/modules/cjs/loader:1105:14)\n    at Object.Module._extensions..js (node:internal/modules/cjs/loader:1159:10)\n    at Module.load (node:internal/modules/cjs/loader:981:32)\n    at Function.Module._load (node:internal/modules/cjs/loader:822:12)\n    at Function.executeUserEntryPoint [as runMain] (node:internal/modules/run_main:77:12)","trace":[{"column":13,"file":"C:\\Users\\cparadise\\BookStore\\bookStore\\node_modules\\express\\lib\\router\\index.js","function":"Function.use","line":469,"method":"use","native":false},{"column":10,"file":"C:\\Users\\cparadise\\BookStore\\bookStore\\src\\routes\\/index.js","function":"routes","line":14,"method":null,"native":false},{"column":32,"file":"C:\\Users\\cparadise\\BookStore\\bookStore\\src\\/index.js","function":null,"line":32,"method":null,"native":false},{"column":14,"file":"node:internal/modules/cjs/loader","function":"Module._compile","line":1105,"method":"_compile","native":false},{"column":24,"file":"C:\\Users\\cparadise\\BookStore\\bookStore\\node_modules\\pirates\\lib\\index.js","function":"Module._compile","line":136,"method":"_compile","native":false},{"column":10,"file":"node:internal/modules/cjs/loader","function":"Module._extensions..js","line":1159,"method":".js","native":false},{"column":7,"file":"C:\\Users\\cparadise\\BookStore\\bookStore\\node_modules\\pirates\\lib\\index.js","function":"Object.newLoader [as .js]","line":141,"method":"js]","native":false},{"column":32,"file":"node:internal/modules/cjs/loader","function":"Module.load","line":981,"method":"load","native":false},{"column":12,"file":"node:internal/modules/cjs/loader","function":"Module._load","line":822,"method":"_load","native":false},{"column":12,"file":"node:internal/modules/run_main","function":"Function.executeUserEntryPoint [as runMain]","line":77,"method":"executeUserEntryPoint [as runMain]","native":false},{"column":21,"file":"C:\\Users\\cparadise\\BookStore\\bookStore\\node_modules\\@babel\\node\\lib\\_babel-node.js","function":null,"line":176,"method":null,"native":false},{"column":14,"file":"node:internal/modules/cjs/loader","function":"Module._compile","line":1105,"method":"_compile","native":false},{"column":10,"file":"node:internal/modules/cjs/loader","function":"Module._extensions..js","line":1159,"method":".js","native":false},{"column":32,"file":"node:internal/modules/cjs/loader","function":"Module.load","line":981,"method":"load","native":false},{"column":12,"file":"node:internal/modules/cjs/loader","function":"Module._load","line":822,"method":"_load","native":false},{"column":12,"file":"node:internal/modules/run_main","function":"Function.executeUserEntryPoint [as runMain]","line":77,"method":"executeUserEntryPoint [as runMain]","native":false}]}
error: uncaughtException: Router.use() requires a middleware function but got a Object
TypeError: Router.use() requires a middleware function but got a Object
    at Function.use (C:\Users\cparadise\BookStore\bookStore\node_modules\express\lib\router\index.js:469:13)
    at routes (C:\Users\cparadise\BookStore\bookStore\src\routes\/index.js:13:10)
    at Object.<anonymous> (C:\Users\cparadise\BookStore\bookStore\src\/index.js:32:32)
    at Module._compile (node:internal/modules/cjs/loader:1105:14)
    at Module._compile (C:\Users\cparadise\BookStore\bookStore\node_modules\pirates\lib\index.js:136:24)
    at Module._extensions..js (node:internal/modules/cjs/loader:1159:10)
    at Object.newLoader [as .js] (C:\Users\cparadise\BookStore\bookStore\node_modules\pirates\lib\index.js:141:7)
    at Module.load (node:internal/modules/cjs/loader:981:32)
    at Function.Module._load (node:internal/modules/cjs/loader:822:12)
    at Function.executeUserEntryPoint [as runMain] (node:internal/modules/run_main:77:12)
    at Object.<anonymous> (C:\Users\cparadise\BookStore\bookStore\node_modules\@babel\node\lib\_babel-node.js:176:21)
    at Module._compile (node:internal/modules/cjs/loader:1105:14)
    at Object.Module._extensions..js (node:internal/modules/cjs/loader:1159:10)
    at Module.load (node:internal/modules/cjs/loader:981:32)
    at Function.Module._load (node:internal/modules/cjs/loader:822:12)
    at Function.executeUserEntryPoint [as runMain] (node:internal/modules/run_main:77:12) {"date":"Fri Jul 29 2022 09:01:00 GMT+0530 (India Standard Time)","error":{},"exception":true,"os":{"loadavg":[0,0,0],"uptime":88607},"process":{"argv":["node","C:\\Users\\cparadise\\BookStore\\bookStore\\src\\index.js"],"cwd":"C:\\Users\\cparadise\\BookStore\\bookStore","execPath":"C:\\Program Files\\nodejs\\node.exe","gid":null,"memoryUsage":{"arrayBuffers":18673425,"external":30963428,"heapTotal":78925824,"heapUsed":49623664,"rss":112615424},"pid":8996,"uid":null,"version":"v16.15.1"},"stack":"TypeError: Router.use() requires a middleware function but got a Object\n    at Function.use (C:\\Users\\cparadise\\BookStore\\bookStore\\node_modules\\express\\lib\\router\\index.js:469:13)\n    at routes (C:\\Users\\cparadise\\BookStore\\bookStore\\src\\routes\\/index.js:13:10)\n    at Object.<anonymous> (C:\\Users\\cparadise\\BookStore\\bookStore\\src\\/index.js:32:32)\n    at Module._compile (node:internal/modules/cjs/loader:1105:14)\n    at Module._compile (C:\\Users\\cparadise\\BookStore\\bookStore\\node_modules\\pirates\\lib\\index.js:136:24)\n    at Module._extensions..js (node:internal/modules/cjs/loader:1159:10)\n    at Object.newLoader [as .js] (C:\\Users\\cparadise\\BookStore\\bookStore\\node_modules\\pirates\\lib\\index.js:141:7)\n    at Module.load (node:internal/modules/cjs/loader:981:32)\n    at Function.Module._load (node:internal/modules/cjs/loader:822:12)\n    at Function.executeUserEntryPoint [as runMain] (node:internal/modules/run_main:77:12)\n    at Object.<anonymous> (C:\\Users\\cparadise\\BookStore\\bookStore\\node_modules\\@babel\\node\\lib\\_babel-node.js:176:21)\n    at Module._compile (node:internal/modules/cjs/loader:1105:14)\n    at Object.Module._extensions..js (node:internal/modules/cjs/loader:1159:10)\n    at Module.load (node:internal/modules/cjs/loader:981:32)\n    at Function.Module._load (node:internal/modules/cjs/loader:822:12)\n    at Function.executeUserEntryPoint [as runMain] (node:internal/modules/run_main:77:12)","trace":[{"column":13,"file":"C:\\Users\\cparadise\\BookStore\\bookStore\\node_modules\\express\\lib\\router\\index.js","function":"Function.use","line":469,"method":"use","native":false},{"column":10,"file":"C:\\Users\\cparadise\\BookStore\\bookStore\\src\\routes\\/index.js","function":"routes","line":13,"method":null,"native":false},{"column":32,"file":"C:\\Users\\cparadise\\BookStore\\bookStore\\src\\/index.js","function":null,"line":32,"method":null,"native":false},{"column":14,"file":"node:internal/modules/cjs/loader","function":"Module._compile","line":1105,"method":"_compile","native":false},{"column":24,"file":"C:\\Users\\cparadise\\BookStore\\bookStore\\node_modules\\pirates\\lib\\index.js","function":"Module._compile","line":136,"method":"_compile","native":false},{"column":10,"file":"node:internal/modules/cjs/loader","function":"Module._extensions..js","line":1159,"method":".js","native":false},{"column":7,"file":"C:\\Users\\cparadise\\BookStore\\bookStore\\node_modules\\pirates\\lib\\index.js","function":"Object.newLoader [as .js]","line":141,"method":"js]","native":false},{"column":32,"file":"node:internal/modules/cjs/loader","function":"Module.load","line":981,"method":"load","native":false},{"column":12,"file":"node:internal/modules/cjs/loader","function":"Module._load","line":822,"method":"_load","native":false},{"column":12,"file":"node:internal/modules/run_main","function":"Function.executeUserEntryPoint [as runMain]","line":77,"method":"executeUserEntryPoint [as runMain]","native":false},{"column":21,"file":"C:\\Users\\cparadise\\BookStore\\bookStore\\node_modules\\@babel\\node\\lib\\_babel-node.js","function":null,"line":176,"method":null,"native":false},{"column":14,"file":"node:internal/modules/cjs/loader","function":"Module._compile","line":1105,"method":"_compile","native":false},{"column":10,"file":"node:internal/modules/cjs/loader","function":"Module._extensions..js","line":1159,"method":".js","native":false},{"column":32,"file":"node:internal/modules/cjs/loader","function":"Module.load","line":981,"method":"load","native":false},{"column":12,"file":"node:internal/modules/cjs/loader","function":"Module._load","line":822,"method":"_load","native":false},{"column":12,"file":"node:internal/modules/run_main","function":"Function.executeUserEntryPoint [as runMain]","line":77,"method":"executeUserEntryPoint [as runMain]","native":false}]}
error: uncaughtException: Router.use() requires a middleware function but got a Object
TypeError: Router.use() requires a middleware function but got a Object
    at Function.use (C:\Users\cparadise\BookStore\bookStore\node_modules\express\lib\router\index.js:469:13)
    at routes (C:\Users\cparadise\BookStore\bookStore\src\routes\/index.js:14:10)
    at Object.<anonymous> (C:\Users\cparadise\BookStore\bookStore\src\/index.js:32:32)
    at Module._compile (node:internal/modules/cjs/loader:1105:14)
    at Module._compile (C:\Users\cparadise\BookStore\bookStore\node_modules\pirates\lib\index.js:136:24)
    at Module._extensions..js (node:internal/modules/cjs/loader:1159:10)
    at Object.newLoader [as .js] (C:\Users\cparadise\BookStore\bookStore\node_modules\pirates\lib\index.js:141:7)
    at Module.load (node:internal/modules/cjs/loader:981:32)
    at Function.Module._load (node:internal/modules/cjs/loader:822:12)
    at Function.executeUserEntryPoint [as runMain] (node:internal/modules/run_main:77:12)
    at Object.<anonymous> (C:\Users\cparadise\BookStore\bookStore\node_modules\@babel\node\lib\_babel-node.js:176:21)
    at Module._compile (node:internal/modules/cjs/loader:1105:14)
    at Object.Module._extensions..js (node:internal/modules/cjs/loader:1159:10)
    at Module.load (node:internal/modules/cjs/loader:981:32)
    at Function.Module._load (node:internal/modules/cjs/loader:822:12)
    at Function.executeUserEntryPoint [as runMain] (node:internal/modules/run_main:77:12) {"date":"Fri Jul 29 2022 09:11:39 GMT+0530 (India Standard Time)","error":{},"exception":true,"os":{"loadavg":[0,0,0],"uptime":89246},"process":{"argv":["node","C:\\Users\\cparadise\\BookStore\\bookStore\\src\\index.js"],"cwd":"C:\\Users\\cparadise\\BookStore\\bookStore","execPath":"C:\\Program Files\\nodejs\\node.exe","gid":null,"memoryUsage":{"arrayBuffers":19141197,"external":25351262,"heapTotal":76566528,"heapUsed":56291464,"rss":109137920},"pid":7348,"uid":null,"version":"v16.15.1"},"stack":"TypeError: Router.use() requires a middleware function but got a Object\n    at Function.use (C:\\Users\\cparadise\\BookStore\\bookStore\\node_modules\\express\\lib\\router\\index.js:469:13)\n    at routes (C:\\Users\\cparadise\\BookStore\\bookStore\\src\\routes\\/index.js:14:10)\n    at Object.<anonymous> (C:\\Users\\cparadise\\BookStore\\bookStore\\src\\/index.js:32:32)\n    at Module._compile (node:internal/modules/cjs/loader:1105:14)\n    at Module._compile (C:\\Users\\cparadise\\BookStore\\bookStore\\node_modules\\pirates\\lib\\index.js:136:24)\n    at Module._extensions..js (node:internal/modules/cjs/loader:1159:10)\n    at Object.newLoader [as .js] (C:\\Users\\cparadise\\BookStore\\bookStore\\node_modules\\pirates\\lib\\index.js:141:7)\n    at Module.load (node:internal/modules/cjs/loader:981:32)\n    at Function.Module._load (node:internal/modules/cjs/loader:822:12)\n    at Function.executeUserEntryPoint [as runMain] (node:internal/modules/run_main:77:12)\n    at Object.<anonymous> (C:\\Users\\cparadise\\BookStore\\bookStore\\node_modules\\@babel\\node\\lib\\_babel-node.js:176:21)\n    at Module._compile (node:internal/modules/cjs/loader:1105:14)\n    at Object.Module._extensions..js (node:internal/modules/cjs/loader:1159:10)\n    at Module.load (node:internal/modules/cjs/loader:981:32)\n    at Function.Module._load (node:internal/modules/cjs/loader:822:12)\n    at Function.executeUserEntryPoint [as runMain] (node:internal/modules/run_main:77:12)","trace":[{"column":13,"file":"C:\\Users\\cparadise\\BookStore\\bookStore\\node_modules\\express\\lib\\router\\index.js","function":"Function.use","line":469,"method":"use","native":false},{"column":10,"file":"C:\\Users\\cparadise\\BookStore\\bookStore\\src\\routes\\/index.js","function":"routes","line":14,"method":null,"native":false},{"column":32,"file":"C:\\Users\\cparadise\\BookStore\\bookStore\\src\\/index.js","function":null,"line":32,"method":null,"native":false},{"column":14,"file":"node:internal/modules/cjs/loader","function":"Module._compile","line":1105,"method":"_compile","native":false},{"column":24,"file":"C:\\Users\\cparadise\\BookStore\\bookStore\\node_modules\\pirates\\lib\\index.js","function":"Module._compile","line":136,"method":"_compile","native":false},{"column":10,"file":"node:internal/modules/cjs/loader","function":"Module._extensions..js","line":1159,"method":".js","native":false},{"column":7,"file":"C:\\Users\\cparadise\\BookStore\\bookStore\\node_modules\\pirates\\lib\\index.js","function":"Object.newLoader [as .js]","line":141,"method":"js]","native":false},{"column":32,"file":"node:internal/modules/cjs/loader","function":"Module.load","line":981,"method":"load","native":false},{"column":12,"file":"node:internal/modules/cjs/loader","function":"Module._load","line":822,"method":"_load","native":false},{"column":12,"file":"node:internal/modules/run_main","function":"Function.executeUserEntryPoint [as runMain]","line":77,"method":"executeUserEntryPoint [as runMain]","native":false},{"column":21,"file":"C:\\Users\\cparadise\\BookStore\\bookStore\\node_modules\\@babel\\node\\lib\\_babel-node.js","function":null,"line":176,"method":null,"native":false},{"column":14,"file":"node:internal/modules/cjs/loader","function":"Module._compile","line":1105,"method":"_compile","native":false},{"column":10,"file":"node:internal/modules/cjs/loader","function":"Module._extensions..js","line":1159,"method":".js","native":false},{"column":32,"file":"node:internal/modules/cjs/loader","function":"Module.load","line":981,"method":"load","native":false},{"column":12,"file":"node:internal/modules/cjs/loader","function":"Module._load","line":822,"method":"_load","native":false},{"column":12,"file":"node:internal/modules/run_main","function":"Function.executeUserEntryPoint [as runMain]","line":77,"method":"executeUserEntryPoint [as runMain]","native":false}]}
error: uncaughtException: Router.use() requires a middleware function but got a Object
TypeError: Router.use() requires a middleware function but got a Object
    at Function.use (C:\Users\cparadise\BookStore\bookStore\node_modules\express\lib\router\index.js:469:13)
    at routes (C:\Users\cparadise\BookStore\bookStore\src\routes\/index.js:35:10)
    at Object.<anonymous> (C:\Users\cparadise\BookStore\bookStore\src\/index.js:32:32)
    at Module._compile (node:internal/modules/cjs/loader:1105:14)
    at Module._compile (C:\Users\cparadise\BookStore\bookStore\node_modules\pirates\lib\index.js:136:24)
    at Module._extensions..js (node:internal/modules/cjs/loader:1159:10)
    at Object.newLoader [as .js] (C:\Users\cparadise\BookStore\bookStore\node_modules\pirates\lib\index.js:141:7)
    at Module.load (node:internal/modules/cjs/loader:981:32)
    at Function.Module._load (node:internal/modules/cjs/loader:822:12)
    at Function.executeUserEntryPoint [as runMain] (node:internal/modules/run_main:77:12)
    at Object.<anonymous> (C:\Users\cparadise\BookStore\bookStore\node_modules\@babel\node\lib\_babel-node.js:176:21)
    at Module._compile (node:internal/modules/cjs/loader:1105:14)
    at Object.Module._extensions..js (node:internal/modules/cjs/loader:1159:10)
    at Module.load (node:internal/modules/cjs/loader:981:32)
    at Function.Module._load (node:internal/modules/cjs/loader:822:12)
    at Function.executeUserEntryPoint [as runMain] (node:internal/modules/run_main:77:12) {"date":"Fri Jul 29 2022 09:16:51 GMT+0530 (India Standard Time)","error":{},"exception":true,"os":{"loadavg":[0,0,0],"uptime":89557},"process":{"argv":["node","C:\\Users\\cparadise\\BookStore\\bookStore\\src\\index.js"],"cwd":"C:\\Users\\cparadise\\BookStore\\bookStore","execPath":"C:\\Program Files\\nodejs\\node.exe","gid":null,"memoryUsage":{"arrayBuffers":18893004,"external":25343282,"heapTotal":78663680,"heapUsed":49841968,"rss":112214016},"pid":6056,"uid":null,"version":"v16.15.1"},"stack":"TypeError: Router.use() requires a middleware function but got a Object\n    at Function.use (C:\\Users\\cparadise\\BookStore\\bookStore\\node_modules\\express\\lib\\router\\index.js:469:13)\n    at routes (C:\\Users\\cparadise\\BookStore\\bookStore\\src\\routes\\/index.js:35:10)\n    at Object.<anonymous> (C:\\Users\\cparadise\\BookStore\\bookStore\\src\\/index.js:32:32)\n    at Module._compile (node:internal/modules/cjs/loader:1105:14)\n    at Module._compile (C:\\Users\\cparadise\\BookStore\\bookStore\\node_modules\\pirates\\lib\\index.js:136:24)\n    at Module._extensions..js (node:internal/modules/cjs/loader:1159:10)\n    at Object.newLoader [as .js] (C:\\Users\\cparadise\\BookStore\\bookStore\\node_modules\\pirates\\lib\\index.js:141:7)\n    at Module.load (node:internal/modules/cjs/loader:981:32)\n    at Function.Module._load (node:internal/modules/cjs/loader:822:12)\n    at Function.executeUserEntryPoint [as runMain] (node:internal/modules/run_main:77:12)\n    at Object.<anonymous> (C:\\Users\\cparadise\\BookStore\\bookStore\\node_modules\\@babel\\node\\lib\\_babel-node.js:176:21)\n    at Module._compile (node:internal/modules/cjs/loader:1105:14)\n    at Object.Module._extensions..js (node:internal/modules/cjs/loader:1159:10)\n    at Module.load (node:internal/modules/cjs/loader:981:32)\n    at Function.Module._load (node:internal/modules/cjs/loader:822:12)\n    at Function.executeUserEntryPoint [as runMain] (node:internal/modules/run_main:77:12)","trace":[{"column":13,"file":"C:\\Users\\cparadise\\BookStore\\bookStore\\node_modules\\express\\lib\\router\\index.js","function":"Function.use","line":469,"method":"use","native":false},{"column":10,"file":"C:\\Users\\cparadise\\BookStore\\bookStore\\src\\routes\\/index.js","function":"routes","line":35,"method":null,"native":false},{"column":32,"file":"C:\\Users\\cparadise\\BookStore\\bookStore\\src\\/index.js","function":null,"line":32,"method":null,"native":false},{"column":14,"file":"node:internal/modules/cjs/loader","function":"Module._compile","line":1105,"method":"_compile","native":false},{"column":24,"file":"C:\\Users\\cparadise\\BookStore\\bookStore\\node_modules\\pirates\\lib\\index.js","function":"Module._compile","line":136,"method":"_compile","native":false},{"column":10,"file":"node:internal/modules/cjs/loader","function":"Module._extensions..js","line":1159,"method":".js","native":false},{"column":7,"file":"C:\\Users\\cparadise\\BookStore\\bookStore\\node_modules\\pirates\\lib\\index.js","function":"Object.newLoader [as .js]","line":141,"method":"js]","native":false},{"column":32,"file":"node:internal/modules/cjs/loader","function":"Module.load","line":981,"method":"load","native":false},{"column":12,"file":"node:internal/modules/cjs/loader","function":"Module._load","line":822,"method":"_load","native":false},{"column":12,"file":"node:internal/modules/run_main","function":"Function.executeUserEntryPoint [as runMain]","line":77,"method":"executeUserEntryPoint [as runMain]","native":false},{"column":21,"file":"C:\\Users\\cparadise\\BookStore\\bookStore\\node_modules\\@babel\\node\\lib\\_babel-node.js","function":null,"line":176,"method":null,"native":false},{"column":14,"file":"node:internal/modules/cjs/loader","function":"Module._compile","line":1105,"method":"_compile","native":false},{"column":10,"file":"node:internal/modules/cjs/loader","function":"Module._extensions..js","line":1159,"method":".js","native":false},{"column":32,"file":"node:internal/modules/cjs/loader","function":"Module.load","line":981,"method":"load","native":false},{"column":12,"file":"node:internal/modules/cjs/loader","function":"Module._load","line":822,"method":"_load","native":false},{"column":12,"file":"node:internal/modules/run_main","function":"Function.executeUserEntryPoint [as runMain]","line":77,"method":"executeUserEntryPoint [as runMain]","native":false}]}
info: ::1 - - [01/Aug/2022:01:40:01 +0000] "POST /api/v1/users/newUser HTTP/1.1" 500 58 "-" "PostmanRuntime/7.29.2"

info: ::1 - - [01/Aug/2022:01:41:07 +0000] "POST /api/v1/users/newUser HTTP/1.1" 400 33 "-" "PostmanRuntime/7.29.2"

info: ::1 - - [01/Aug/2022:01:41:16 +0000] "POST /api/v1/users/newUser HTTP/1.1" 500 58 "-" "PostmanRuntime/7.29.2"

info: ::1 - - [01/Aug/2022:01:50:18 +0000] "POST /api/v1/users/newUser HTTP/1.1" 500 58 "-" "PostmanRuntime/7.29.2"

info: ::1 - - [01/Aug/2022:01:55:26 +0000] "POST /api/v1/users/newUser HTTP/1.1" 201 321 "-" "PostmanRuntime/7.29.2"

info: ::1 - - [01/Aug/2022:01:56:32 +0000] "POST /api/v1/users/login HTTP/1.1" 400 68 "-" "PostmanRuntime/7.29.2"

info: ::1 - - [01/Aug/2022:01:58:38 +0000] "POST /api/v1/users/login HTTP/1.1" 200 236 "-" "PostmanRuntime/7.29.2"

info: ::1 - - [01/Aug/2022:02:36:06 +0000] "GET /api/v1/books/ HTTP/1.1" 404 47 "-" "PostmanRuntime/7.29.2"

error: uncaughtException: Router.use() requires a middleware function but got a Object
TypeError: Router.use() requires a middleware function but got a Object
    at Function.use (C:\Users\cparadise\BookStore\bookStore\node_modules\express\lib\router\index.js:469:13)
    at routes (C:\Users\cparadise\BookStore\bookStore\src\routes\/index.js:36:10)
    at Object.<anonymous> (C:\Users\cparadise\BookStore\bookStore\src\/index.js:32:32)
    at Module._compile (node:internal/modules/cjs/loader:1105:14)
    at Module._compile (C:\Users\cparadise\BookStore\bookStore\node_modules\pirates\lib\index.js:136:24)
    at Module._extensions..js (node:internal/modules/cjs/loader:1159:10)
    at Object.newLoader [as .js] (C:\Users\cparadise\BookStore\bookStore\node_modules\pirates\lib\index.js:141:7)
    at Module.load (node:internal/modules/cjs/loader:981:32)
    at Function.Module._load (node:internal/modules/cjs/loader:822:12)
    at Function.executeUserEntryPoint [as runMain] (node:internal/modules/run_main:77:12)
    at Object.<anonymous> (C:\Users\cparadise\BookStore\bookStore\node_modules\@babel\node\lib\_babel-node.js:176:21)
    at Module._compile (node:internal/modules/cjs/loader:1105:14)
    at Object.Module._extensions..js (node:internal/modules/cjs/loader:1159:10)
    at Module.load (node:internal/modules/cjs/loader:981:32)
    at Function.Module._load (node:internal/modules/cjs/loader:822:12)
    at Function.executeUserEntryPoint [as runMain] (node:internal/modules/run_main:77:12) {"date":"Mon Aug 01 2022 08:24:07 GMT+0530 (India Standard Time)","error":{},"exception":true,"os":{"loadavg":[0,0,0],"uptime":345594},"process":{"argv":["node","C:\\Users\\cparadise\\BookStore\\bookStore\\src\\index.js"],"cwd":"C:\\Users\\cparadise\\BookStore\\bookStore","execPath":"C:\\Program Files\\nodejs\\node.exe","gid":null,"memoryUsage":{"arrayBuffers":19250314,"external":25389842,"heapTotal":79712256,"heapUsed":55247704,"rss":114073600},"pid":10608,"uid":null,"version":"v16.15.1"},"stack":"TypeError: Router.use() requires a middleware function but got a Object\n    at Function.use (C:\\Users\\cparadise\\BookStore\\bookStore\\node_modules\\express\\lib\\router\\index.js:469:13)\n    at routes (C:\\Users\\cparadise\\BookStore\\bookStore\\src\\routes\\/index.js:36:10)\n    at Object.<anonymous> (C:\\Users\\cparadise\\BookStore\\bookStore\\src\\/index.js:32:32)\n    at Module._compile (node:internal/modules/cjs/loader:1105:14)\n    at Module._compile (C:\\Users\\cparadise\\BookStore\\bookStore\\node_modules\\pirates\\lib\\index.js:136:24)\n    at Module._extensions..js (node:internal/modules/cjs/loader:1159:10)\n    at Object.newLoader [as .js] (C:\\Users\\cparadise\\BookStore\\bookStore\\node_modules\\pirates\\lib\\index.js:141:7)\n    at Module.load (node:internal/modules/cjs/loader:981:32)\n    at Function.Module._load (node:internal/modules/cjs/loader:822:12)\n    at Function.executeUserEntryPoint [as runMain] (node:internal/modules/run_main:77:12)\n    at Object.<anonymous> (C:\\Users\\cparadise\\BookStore\\bookStore\\node_modules\\@babel\\node\\lib\\_babel-node.js:176:21)\n    at Module._compile (node:internal/modules/cjs/loader:1105:14)\n    at Object.Module._extensions..js (node:internal/modules/cjs/loader:1159:10)\n    at Module.load (node:internal/modules/cjs/loader:981:32)\n    at Function.Module._load (node:internal/modules/cjs/loader:822:12)\n    at Function.executeUserEntryPoint [as runMain] (node:internal/modules/run_main:77:12)","trace":[{"column":13,"file":"C:\\Users\\cparadise\\BookStore\\bookStore\\node_modules\\express\\lib\\router\\index.js","function":"Function.use","line":469,"method":"use","native":false},{"column":10,"file":"C:\\Users\\cparadise\\BookStore\\bookStore\\src\\routes\\/index.js","function":"routes","line":36,"method":null,"native":false},{"column":32,"file":"C:\\Users\\cparadise\\BookStore\\bookStore\\src\\/index.js","function":null,"line":32,"method":null,"native":false},{"column":14,"file":"node:internal/modules/cjs/loader","function":"Module._compile","line":1105,"method":"_compile","native":false},{"column":24,"file":"C:\\Users\\cparadise\\BookStore\\bookStore\\node_modules\\pirates\\lib\\index.js","function":"Module._compile","line":136,"method":"_compile","native":false},{"column":10,"file":"node:internal/modules/cjs/loader","function":"Module._extensions..js","line":1159,"method":".js","native":false},{"column":7,"file":"C:\\Users\\cparadise\\BookStore\\bookStore\\node_modules\\pirates\\lib\\index.js","function":"Object.newLoader [as .js]","line":141,"method":"js]","native":false},{"column":32,"file":"node:internal/modules/cjs/loader","function":"Module.load","line":981,"method":"load","native":false},{"column":12,"file":"node:internal/modules/cjs/loader","function":"Module._load","line":822,"method":"_load","native":false},{"column":12,"file":"node:internal/modules/run_main","function":"Function.executeUserEntryPoint [as runMain]","line":77,"method":"executeUserEntryPoint [as runMain]","native":false},{"column":21,"file":"C:\\Users\\cparadise\\BookStore\\bookStore\\node_modules\\@babel\\node\\lib\\_babel-node.js","function":null,"line":176,"method":null,"native":false},{"column":14,"file":"node:internal/modules/cjs/loader","function":"Module._compile","line":1105,"method":"_compile","native":false},{"column":10,"file":"node:internal/modules/cjs/loader","function":"Module._extensions..js","line":1159,"method":".js","native":false},{"column":32,"file":"node:internal/modules/cjs/loader","function":"Module.load","line":981,"method":"load","native":false},{"column":12,"file":"node:internal/modules/cjs/loader","function":"Module._load","line":822,"method":"_load","native":false},{"column":12,"file":"node:internal/modules/run_main","function":"Function.executeUserEntryPoint [as runMain]","line":77,"method":"executeUserEntryPoint [as runMain]","native":false}]}
info: ::1 - - [01/Aug/2022:03:01:18 +0000] "GET /api/v1/books/ HTTP/1.1" 200 65 "-" "PostmanRuntime/7.29.2"

info: ::1 - - [01/Aug/2022:03:04:45 +0000] "GET /api/v1/books/6214803b05253301a4fda584 HTTP/1.1" 200 1339 "-" "PostmanRuntime/7.29.2"

info: ::1 - - [01/Aug/2022:03:25:16 +0000] "GET /api/v1/books/6215178d05253301a4fda5c4 HTTP/1.1" 200 391 "-" "PostmanRuntime/7.29.2"

